<?xml version="1.0" encoding="UTF-8"?>
<testng-results ignored="0" total="1" passed="1" failed="0" skipped="0">
  <reporter-output>
  </reporter-output>
  <suite started-at="2025-05-02T13:23:21 IST" name="Default suite" finished-at="2025-05-02T13:23:46 IST" duration-ms="25517">
    <groups>
    </groups>
    <test started-at="2025-05-02T13:23:21 IST" name="Default test" finished-at="2025-05-02T13:23:46 IST" duration-ms="25517">
      <class name="TestingPack.ExecutingTestingData">
        <test-method is-config="true" signature="openbrowser()[pri:0, instance:TestingPack.ExecutingTestingData@7ed7259e]" started-at="2025-05-02T13:23:21 IST" name="openbrowser" finished-at="2025-05-02T13:23:24 IST" duration-ms="2955" status="PASS">
          <reporter-output>
          </reporter-output>
        </test-method> <!-- openbrowser -->
        <test-method signature="Testcases()[pri:0, instance:TestingPack.ExecutingTestingData@7ed7259e]" started-at="2025-05-02T13:23:24 IST" name="Testcases" finished-at="2025-05-02T13:23:46 IST" duration-ms="22496" status="PASS">
          <reporter-output>
          </reporter-output>
        </test-method> <!-- Testcases -->
        <test-method is-config="true" signature="closebrowser()[pri:0, instance:TestingPack.ExecutingTestingData@7ed7259e]" started-at="2025-05-02T13:23:46 IST" name="closebrowser" finished-at="2025-05-02T13:23:46 IST" duration-ms="1" status="PASS">
          <reporter-output>
          </reporter-output>
        </test-method> <!-- closebrowser -->
      </class> <!-- TestingPack.ExecutingTestingData -->
    </test> <!-- Default test -->
  </suite> <!-- Default suite -->
</testng-results>
